c:\users\jbaarsch\projects\cs2_cpp\cs2_chap13_2024\cs2_chap13_2024\x64\debug\vc143.pdb
c:\users\jbaarsch\projects\cs2_cpp\cs2_chap13_2024\cs2_chap13_2024\x64\debug\vc143.idb
c:\users\jbaarsch\projects\cs2_cpp\cs2_chap13_2024\cs2_chap13_2024\x64\debug\tester.obj
c:\users\jbaarsch\projects\cs2_cpp\cs2_chap13_2024\cs2_chap13_2024\x64\debug\pr1_date.obj
c:\users\jbaarsch\projects\cs2_cpp\cs2_chap13_2024\cs2_chap13_2024\x64\debug\car.obj
c:\users\jbaarsch\projects\cs2_cpp\cs2_chap13_2024\cs2_chap13_2024\x64\debug\cs2_chap13.obj
c:\users\jbaarsch\projects\cs2_cpp\cs2_chap13_2024\x64\debug\cs2_chap13_2024.pdb
c:\users\jbaarsch\projects\cs2_cpp\cs2_chap13_2024\cs2_chap13_2024\x64\debug\cs2_chap13_2024.tlog\cl.command.1.tlog
c:\users\jbaarsch\projects\cs2_cpp\cs2_chap13_2024\cs2_chap13_2024\x64\debug\cs2_chap13_2024.tlog\cl.read.1.tlog
c:\users\jbaarsch\projects\cs2_cpp\cs2_chap13_2024\cs2_chap13_2024\x64\debug\cs2_chap13_2024.tlog\cl.write.1.tlog
c:\users\jbaarsch\projects\cs2_cpp\cs2_chap13_2024\cs2_chap13_2024\x64\debug\cs2_chap13_2024.tlog\link-cvtres.read.1.tlog
c:\users\jbaarsch\projects\cs2_cpp\cs2_chap13_2024\cs2_chap13_2024\x64\debug\cs2_chap13_2024.tlog\link-cvtres.write.1.tlog
c:\users\jbaarsch\projects\cs2_cpp\cs2_chap13_2024\cs2_chap13_2024\x64\debug\cs2_chap13_2024.tlog\link-rc.read.1.tlog
c:\users\jbaarsch\projects\cs2_cpp\cs2_chap13_2024\cs2_chap13_2024\x64\debug\cs2_chap13_2024.tlog\link-rc.write.1.tlog
c:\users\jbaarsch\projects\cs2_cpp\cs2_chap13_2024\cs2_chap13_2024\x64\debug\cs2_chap13_2024.tlog\link.8332-cvtres.read.1.tlog
c:\users\jbaarsch\projects\cs2_cpp\cs2_chap13_2024\cs2_chap13_2024\x64\debug\cs2_chap13_2024.tlog\link.8332-cvtres.write.1.tlog
c:\users\jbaarsch\projects\cs2_cpp\cs2_chap13_2024\cs2_chap13_2024\x64\debug\cs2_chap13_2024.tlog\link.8332-rc.read.1.tlog
c:\users\jbaarsch\projects\cs2_cpp\cs2_chap13_2024\cs2_chap13_2024\x64\debug\cs2_chap13_2024.tlog\link.8332-rc.write.1.tlog
c:\users\jbaarsch\projects\cs2_cpp\cs2_chap13_2024\cs2_chap13_2024\x64\debug\cs2_chap13_2024.tlog\link.8332.read.1.tlog
c:\users\jbaarsch\projects\cs2_cpp\cs2_chap13_2024\cs2_chap13_2024\x64\debug\cs2_chap13_2024.tlog\link.8332.read.3.tlog
c:\users\jbaarsch\projects\cs2_cpp\cs2_chap13_2024\cs2_chap13_2024\x64\debug\cs2_chap13_2024.tlog\link.8332.write.1.tlog
c:\users\jbaarsch\projects\cs2_cpp\cs2_chap13_2024\cs2_chap13_2024\x64\debug\cs2_chap13_2024.tlog\link.command.1.tlog
c:\users\jbaarsch\projects\cs2_cpp\cs2_chap13_2024\cs2_chap13_2024\x64\debug\cs2_chap13_2024.tlog\link.read.1.tlog
c:\users\jbaarsch\projects\cs2_cpp\cs2_chap13_2024\cs2_chap13_2024\x64\debug\cs2_chap13_2024.tlog\link.read.2.tlog
c:\users\jbaarsch\projects\cs2_cpp\cs2_chap13_2024\cs2_chap13_2024\x64\debug\cs2_chap13_2024.tlog\link.read.3.tlog
c:\users\jbaarsch\projects\cs2_cpp\cs2_chap13_2024\cs2_chap13_2024\x64\debug\cs2_chap13_2024.tlog\link.write.1.tlog
