c:\users\jbaarsch\projects\cs2_cpp\cs2_chap13_2024\cs2_chap13_2024\x64\debug\vc143.pdb
c:\users\jbaarsch\projects\cs2_cpp\cs2_chap13_2024\cs2_chap13_2024\x64\debug\vc143.idb
c:\users\jbaarsch\projects\cs2_cpp\cs2_chap13_2024\cs2_chap13_2024\x64\debug\tester.obj
c:\users\jbaarsch\projects\cs2_cpp\cs2_chap13_2024\cs2_chap13_2024\x64\debug\date.obj
c:\users\jbaarsch\projects\cs2_cpp\cs2_chap13_2024\cs2_chap13_2024\x64\debug\car.obj
c:\users\jbaarsch\projects\cs2_cpp\cs2_chap13_2024\cs2_chap13_2024\x64\debug\datagetter.obj
c:\users\jbaarsch\projects\cs2_cpp\cs2_chap13_2024\x64\debug\module 2.pdb
c:\users\jbaarsch\projects\cs2_cpp\cs2_chap13_2024\cs2_chap13_2024\x64\debug\module 2.tlog\cl.command.1.tlog
c:\users\jbaarsch\projects\cs2_cpp\cs2_chap13_2024\cs2_chap13_2024\x64\debug\module 2.tlog\cl.read.1.tlog
c:\users\jbaarsch\projects\cs2_cpp\cs2_chap13_2024\cs2_chap13_2024\x64\debug\module 2.tlog\cl.write.1.tlog
c:\users\jbaarsch\projects\cs2_cpp\cs2_chap13_2024\cs2_chap13_2024\x64\debug\module 2.tlog\link-cvtres.read.1.tlog
c:\users\jbaarsch\projects\cs2_cpp\cs2_chap13_2024\cs2_chap13_2024\x64\debug\module 2.tlog\link-cvtres.write.1.tlog
c:\users\jbaarsch\projects\cs2_cpp\cs2_chap13_2024\cs2_chap13_2024\x64\debug\module 2.tlog\link-rc.read.1.tlog
c:\users\jbaarsch\projects\cs2_cpp\cs2_chap13_2024\cs2_chap13_2024\x64\debug\module 2.tlog\link-rc.write.1.tlog
c:\users\jbaarsch\projects\cs2_cpp\cs2_chap13_2024\cs2_chap13_2024\x64\debug\module 2.tlog\link.14816-cvtres.read.1.tlog
c:\users\jbaarsch\projects\cs2_cpp\cs2_chap13_2024\cs2_chap13_2024\x64\debug\module 2.tlog\link.14816-cvtres.write.1.tlog
c:\users\jbaarsch\projects\cs2_cpp\cs2_chap13_2024\cs2_chap13_2024\x64\debug\module 2.tlog\link.14816-rc.read.1.tlog
c:\users\jbaarsch\projects\cs2_cpp\cs2_chap13_2024\cs2_chap13_2024\x64\debug\module 2.tlog\link.14816-rc.write.1.tlog
c:\users\jbaarsch\projects\cs2_cpp\cs2_chap13_2024\cs2_chap13_2024\x64\debug\module 2.tlog\link.14816.read.1.tlog
c:\users\jbaarsch\projects\cs2_cpp\cs2_chap13_2024\cs2_chap13_2024\x64\debug\module 2.tlog\link.14816.read.2.tlog
c:\users\jbaarsch\projects\cs2_cpp\cs2_chap13_2024\cs2_chap13_2024\x64\debug\module 2.tlog\link.14816.write.1.tlog
c:\users\jbaarsch\projects\cs2_cpp\cs2_chap13_2024\cs2_chap13_2024\x64\debug\module 2.tlog\link.command.1.tlog
c:\users\jbaarsch\projects\cs2_cpp\cs2_chap13_2024\cs2_chap13_2024\x64\debug\module 2.tlog\link.read.1.tlog
c:\users\jbaarsch\projects\cs2_cpp\cs2_chap13_2024\cs2_chap13_2024\x64\debug\module 2.tlog\link.read.2.tlog
c:\users\jbaarsch\projects\cs2_cpp\cs2_chap13_2024\cs2_chap13_2024\x64\debug\module 2.tlog\link.write.1.tlog
